Start testing: Jul 07 18:15 EAT
----------------------------------------------------------
1/1 Testing: unit_tests
1/1 Test: unit_tests
Command: "/home/abega/Documents/Computer_Science_works/sqrt-higher-precision/build/tests"
Directory: /home/abega/Documents/Computer_Science_works/sqrt-higher-precision/build
"unit_tests" start time: Jul 07 18:15 EAT
Output:
----------------------------------------------------------
Running main() from /home/abega/vcpkg/buildtrees/gtest/src/v1.17.0-0c449efaff.clean/googletest/src/gtest_main.cc
[==========] Running 1 test from 1 test suite.
[----------] Global test environment set-up.
[----------] 1 test from SanityCheck
[ RUN      ] SanityCheck.TrueIsTrue
[       OK ] SanityCheck.TrueIsTrue (0 ms)
[----------] 1 test from SanityCheck (0 ms total)

[----------] Global test environment tear-down
[==========] 1 test from 1 test suite ran. (0 ms total)
[  PASSED  ] 1 test.
<end of output>
Test time =   0.00 sec
----------------------------------------------------------
Test Passed.
"unit_tests" end time: Jul 07 18:15 EAT
"unit_tests" time elapsed: 00:00:00
----------------------------------------------------------

End testing: Jul 07 18:15 EAT
