Start testing: Jul 07 20:11 EAT
----------------------------------------------------------
1/1 Testing: all_tests
1/1 Test: all_tests
Command: "/home/abega/Documents/Computer_Science_works/sqrt-higher-precision/build/tests"
Directory: /home/abega/Documents/Computer_Science_works/sqrt-higher-precision/build
"all_tests" start time: Jul 07 20:11 EAT
Output:
----------------------------------------------------------
Running main() from /home/abega/vcpkg/buildtrees/gtest/src/v1.17.0-0c449efaff.clean/googletest/src/gtest_main.cc
[==========] Running 9 tests from 2 test suites.
[----------] Global test environment set-up.
[----------] 1 test from SanityCheck
[ RUN      ] SanityCheck.TrueIsTrue
[       OK ] SanityCheck.TrueIsTrue (0 ms)
[----------] 1 test from SanityCheck (0 ms total)

[----------] 8 tests from FractionTest
[ RUN      ] FractionTest.SimplifyReducesCorrectly
[       OK ] FractionTest.SimplifyReducesCorrectly (0 ms)
[ RUN      ] FractionTest.AdditionWorks
[       OK ] FractionTest.AdditionWorks (0 ms)
[ RUN      ] FractionTest.SubtractionWorks
[       OK ] FractionTest.SubtractionWorks (0 ms)
[ RUN      ] FractionTest.MultiplicationWorks
[       OK ] FractionTest.MultiplicationWorks (0 ms)
[ RUN      ] FractionTest.DivisionWorks
[       OK ] FractionTest.DivisionWorks (0 ms)
[ RUN      ] FractionTest.DecimalConversionIsAccurate
/home/abega/Documents/Computer_Science_works/sqrt-higher-precision/tests/test_fraction.cpp:56: Failure
Value of: decimal.rfind("0.666", 0) == 0
  Actual: false
Expected: true

[  FAILED  ] FractionTest.DecimalConversionIsAccurate (0 ms)
[ RUN      ] FractionTest.ZeroFractionBehavesCorrectly
[       OK ] FractionTest.ZeroFractionBehavesCorrectly (0 ms)
[ RUN      ] FractionTest.StreamOutputIsCorrect
[       OK ] FractionTest.StreamOutputIsCorrect (0 ms)
[----------] 8 tests from FractionTest (0 ms total)

[----------] Global test environment tear-down
[==========] 9 tests from 2 test suites ran. (0 ms total)
[  PASSED  ] 8 tests.
[  FAILED  ] 1 test, listed below:
[  FAILED  ] FractionTest.DecimalConversionIsAccurate

 1 FAILED TEST
<end of output>
Test time =   0.00 sec
----------------------------------------------------------
Test Failed.
"all_tests" end time: Jul 07 20:11 EAT
"all_tests" time elapsed: 00:00:00
----------------------------------------------------------

End testing: Jul 07 20:11 EAT
